Build started 11/19/2016 5:00:55 PM.
     1>Project "C:\Users\VenkateshN\documents\visual studio 2013\Projects\transform_string\transform_string\transform_string.vcxproj" on node 2 (Build target(s)).
     1>ClCompile:
         C:\Program Files (x86)\Microsoft Visual Studio 12.0\VC\bin\CL.exe /c /ZI /nologo /W3 /WX- /sdl /Od /Oy- /D _MBCS /Gm /EHsc /RTC1 /MDd /GS /fp:precise /Zc:wchar_t /Zc:forScope /Fo"Debug\\" /Fd"Debug\vc120.pdb" /Gd /TP /analyze- /errorReport:prompt rename.cpp
         rename.cpp
     1>c:\users\venkateshn\documents\visual studio 2013\projects\transform_string\transform_string\rename.cpp(65): fatal error C1075: end of file found before the left parenthesis '(' at 'c:\users\venkateshn\documents\visual studio 2013\projects\transform_string\transform_string\rename.cpp(36)' was matched
     1>Done Building Project "C:\Users\VenkateshN\documents\visual studio 2013\Projects\transform_string\transform_string\transform_string.vcxproj" (Build target(s)) -- FAILED.

Build FAILED.

Time Elapsed 00:00:00.93
