Build started 11/27/2016 2:44:30 PM.
     1>Project "C:\Users\VenkateshN\documents\visual studio 2013\Projects\google_code_jam\google_code_jam\google_code_jam.vcxproj" on node 2 (Build target(s)).
     1>Link:
         C:\Program Files (x86)\Microsoft Visual Studio 12.0\VC\bin\link.exe /ERRORREPORT:PROMPT /OUT:"C:\Users\VenkateshN\documents\visual studio 2013\Projects\google_code_jam\Debug\google_code_jam.exe" /INCREMENTAL /NOLOGO kernel32.lib user32.lib gdi32.lib winspool.lib comdlg32.lib advapi32.lib shell32.lib ole32.lib oleaut32.lib uuid.lib odbc32.lib odbccp32.lib /MANIFEST /MANIFESTUAC:"level='asInvoker' uiAccess='false'" /manifest:embed /DEBUG /PDB:"C:\Users\VenkateshN\documents\visual studio 2013\Projects\google_code_jam\Debug\google_code_jam.pdb" /TLBID:1 /DYNAMICBASE /NXCOMPAT /IMPLIB:"C:\Users\VenkateshN\documents\visual studio 2013\Projects\google_code_jam\Debug\google_code_jam.lib" /MACHINE:X86 Debug\file_fix_it.obj
         "Debug\minimum scalar product.obj"
         Debug\numbers.obj
         Debug\rotate.obj
         Debug\tree.obj
     1>minimum scalar product.obj : error LNK2005: _main already defined in file_fix_it.obj
     1>C:\Users\VenkateshN\documents\visual studio 2013\Projects\google_code_jam\Debug\google_code_jam.exe : fatal error LNK1169: one or more multiply defined symbols found
     1>Done Building Project "C:\Users\VenkateshN\documents\visual studio 2013\Projects\google_code_jam\google_code_jam\google_code_jam.vcxproj" (Build target(s)) -- FAILED.

Build FAILED.

Time Elapsed 00:00:00.38
